0 info it worked if it ends with ok
1 verbose cli [ '/usr/bin/nodejs', '/usr/bin/npm', 'publish' ]
2 info using npm@2.14.7
3 info using node@v4.2.2
4 verbose publish [ '.' ]
5 silly cache add args [ '.', null ]
6 verbose cache add spec .
7 silly cache add parsed spec Result {
7 silly cache add   raw: '.',
7 silly cache add   scope: null,
7 silly cache add   name: null,
7 silly cache add   rawSpec: '.',
7 silly cache add   spec: '/home/ligero/podsystem/podsystem-env-deployer/needle-podsystem',
7 silly cache add   type: 'directory' }
8 verbose addLocalDirectory /home/ligero/.npm/needle-podsystem/0.0.6/package.tgz not in flight; packing
9 verbose tar pack [ '/home/ligero/.npm/needle-podsystem/0.0.6/package.tgz',
9 verbose tar pack   '/home/ligero/podsystem/podsystem-env-deployer/needle-podsystem' ]
10 verbose tarball /home/ligero/.npm/needle-podsystem/0.0.6/package.tgz
11 verbose folder /home/ligero/podsystem/podsystem-env-deployer/needle-podsystem
12 info prepublish needle-podsystem@0.0.6
13 verbose addLocalTarball adding from inside cache /home/ligero/.npm/needle-podsystem/0.0.6/package.tgz
14 silly cache afterAdd needle-podsystem@0.0.6
15 verbose afterAdd /home/ligero/.npm/needle-podsystem/0.0.6/package/package.json not in flight; writing
16 verbose afterAdd /home/ligero/.npm/needle-podsystem/0.0.6/package/package.json written
17 silly publish { name: 'needle-podsystem',
17 silly publish   version: '0.0.6',
17 silly publish   description: 'Tiny yet feature-packed HTTP client. With multipart, charset decoding and proxy support. With frozen dependencies. Personal use only.',
17 silly publish   private: true,
17 silly publish   keywords:
17 silly publish    [ 'http',
17 silly publish      'https',
17 silly publish      'simple',
17 silly publish      'request',
17 silly publish      'client',
17 silly publish      'multipart',
17 silly publish      'upload',
17 silly publish      'proxy',
17 silly publish      'deflate',
17 silly publish      'timeout',
17 silly publish      'charset',
17 silly publish      'iconv',
17 silly publish      'frozen' ],
17 silly publish   tags:
17 silly publish    [ 'http',
17 silly publish      'https',
17 silly publish      'simple',
17 silly publish      'request',
17 silly publish      'client',
17 silly publish      'multipart',
17 silly publish      'upload',
17 silly publish      'proxy',
17 silly publish      'deflate',
17 silly publish      'timeout',
17 silly publish      'charset',
17 silly publish      'iconv' ],
17 silly publish   author: { name: 'neoligero', email: 'neoligero@gmail.com' },
17 silly publish   repository:
17 silly publish    { type: 'git',
17 silly publish      url: 'git+https://github.com/neoligero/needle-podsystem.git' },
17 silly publish   dependencies: { qs: '5.2.0', 'iconv-lite': '' },
17 silly publish   devDependencies:
17 silly publish    { mocha: '',
17 silly publish      sinon: '',
17 silly publish      should: '',
17 silly publish      xml2js: '',
17 silly publish      JSONStream: '',
17 silly publish      q: '',
17 silly publish      jschardet: '' },
17 silly publish   scripts: { test: 'mocha test' },
17 silly publish   directories: { lib: './lib' },
17 silly publish   main: './lib/needle',
17 silly publish   bin: { needle: './bin/needle' },
17 silly publish   engines: { node: '>= 0.10.x' },
17 silly publish   bugs: { url: 'https://github.com/tomas/needle/issues' },
17 silly publish   homepage: 'https://github.com/neoligero/needle-podsystem',
17 silly publish   _id: 'needle-podsystem@0.0.6',
17 silly publish   dist: { shasum: '', tarball: '' },
17 silly publish   license: 'MIT',
17 silly publish   _from: '.',
17 silly publish   _npmVersion: '1.4.3',
17 silly publish   _npmUser: { name: 'neoligero', email: 'neoligero@gmail.com' },
17 silly publish   maintainers:
17 silly publish    [ { name: 'tomas', email: 'tomas@forkhq.com' },
17 silly publish      { name: 'neoligero', email: 'neoligero@gmail.com' } ],
17 silly publish   _shasum: '3ad53be6822c8e977ec06ae18111a847a3327710',
17 silly publish   _resolved: '',
17 silly publish   readme: 'README.md' }
18 verbose getPublishConfig undefined
19 verbose stack Error: This package has been marked as private
19 verbose stack Remove the 'private' field from the package.json to publish it.
19 verbose stack     at publish_ (/usr/lib/node_modules/npm/lib/publish.js:98:5)
19 verbose stack     at Array.<anonymous> (/usr/lib/node_modules/npm/node_modules/slide/lib/bind-actor.js:15:8)
19 verbose stack     at LOOP (/usr/lib/node_modules/npm/node_modules/slide/lib/chain.js:15:14)
19 verbose stack     at LOOP (/usr/lib/node_modules/npm/node_modules/slide/lib/chain.js:14:28)
19 verbose stack     at chain (/usr/lib/node_modules/npm/node_modules/slide/lib/chain.js:20:5)
19 verbose stack     at /usr/lib/node_modules/npm/lib/publish.js:73:5
19 verbose stack     at RES (/usr/lib/node_modules/npm/node_modules/inflight/inflight.js:23:14)
19 verbose stack     at f (/usr/lib/node_modules/npm/node_modules/once/once.js:17:25)
19 verbose stack     at /usr/lib/node_modules/npm/lib/cache.js:350:14
19 verbose stack     at /usr/lib/node_modules/npm/node_modules/write-file-atomic/index.js:29:15
20 verbose cwd /home/ligero/podsystem/podsystem-env-deployer/needle-podsystem
21 error Linux 3.19.0-37-generic
22 error argv "/usr/bin/nodejs" "/usr/bin/npm" "publish"
23 error node v4.2.2
24 error npm  v2.14.7
25 error This package has been marked as private
25 error Remove the 'private' field from the package.json to publish it.
26 error If you need help, you may report this error at:
26 error     <https://github.com/npm/npm/issues>
27 verbose exit [ 1, true ]
